<?xml version="1.0" encoding="UTF-8"?>
<!-- Generated by org.testng.reporters.JUnitReportReporter -->
<testsuite skipped="0" hostname="Pinki-PC" name="com.selenium.GmailCompareSubject" tests="1" failures="0" timestamp="2019-10-25T10:43:38 IST" time="42.491" errors="0">
  <testcase name="compareMethod" time="42.491" classname="com.selenium.GmailCompareSubject"/>
</testsuite> <!-- com.selenium.GmailCompareSubject -->
