<?xml version="1.0" encoding="UTF-8"?>
<!-- Generated by org.testng.reporters.JUnitReportReporter -->
<testsuite skipped="0" hostname="Pinki-PC" name="base.GoogleMap" tests="1" failures="0" timestamp="2019-10-31T17:43:27 IST" time="55.841" errors="0">
  <testcase name="search" time="55.841" classname="base.GoogleMap"/>
</testsuite> <!-- base.GoogleMap -->
