<?xml version="1.0" encoding="UTF-8"?>
<!-- Generated by org.testng.reporters.JUnitReportReporter -->
<testsuite skipped="0" hostname="Pinki-PC" name="base.Ebay" tests="1" failures="0" timestamp="2019-10-31T17:10:43 IST" time="31.832" errors="0">
  <testcase name="openApp" time="31.832" classname="base.Ebay"/>
</testsuite> <!-- base.Ebay -->
