<?xml version="1.0" encoding="UTF-8"?>
<!-- Generated by org.testng.reporters.JUnitReportReporter -->
<testsuite skipped="1" hostname="Pinki-PC" name="com.selenium.Enabled$DependsOnMethods" tests="3" failures="0" timestamp="2019-10-23T13:04:11 IST" time="0.015" errors="0">
  <testcase name="demoM2" time="0.000" classname="com.selenium.Enabled$DependsOnMethods"/>
  <testcase name="demoM1" time="0.015" classname="com.selenium.Enabled$DependsOnMethods"/>
  <testcase name="demoM" classname="com.selenium.Enabled$DependsOnMethods">
    <skipped/>
  </testcase> <!-- demoM -->
</testsuite> <!-- com.selenium.Enabled$DependsOnMethods -->
