<?xml version="1.0" encoding="UTF-8"?>
<!-- Generated by org.testng.reporters.JUnitReportReporter -->
<testsuite skipped="1" hostname="Pinki-PC" name="com.selenium.Enabled" tests="3" failures="0" timestamp="2019-10-23T13:05:26 IST" time="0.016" errors="0">
  <testcase name="demoM1" time="0.016" classname="com.selenium.Enabled"/>
  <testcase name="demoM2" time="0.000" classname="com.selenium.Enabled"/>
  <testcase name="demoM" classname="com.selenium.Enabled">
    <skipped/>
  </testcase> <!-- demoM -->
</testsuite> <!-- com.selenium.Enabled -->
