<?xml version="1.0" encoding="UTF-8"?>
<!-- Generated by org.testng.reporters.JUnitReportReporter -->
<testsuite skipped="0" hostname="Pinki-PC" name="com.selenium.Parallell2" tests="1" failures="0" timestamp="2019-10-24T11:30:46 IST" time="3.619" errors="0">
  <testcase name="testParametersWithXml" time="3.619" classname="com.selenium.Parallell2"/>
</testsuite> <!-- com.selenium.Parallell2 -->
