<?xml version="1.0" encoding="UTF-8"?>
<!-- Generated by org.testng.reporters.JUnitReportReporter -->
<testsuite skipped="0" hostname="Pinki-PC" name="com.selenium.TestNgDemo" tests="2" failures="0" timestamp="2019-10-23T11:01:40 IST" time="34.976" errors="0">
  <testcase name="demoM" time="13.861" classname="com.selenium.TestNgDemo"/>
  <testcase name="demoM1" time="21.115" classname="com.selenium.TestNgDemo"/>
</testsuite> <!-- com.selenium.TestNgDemo -->
