<?xml version="1.0" encoding="UTF-8"?>
<!-- Generated by org.testng.reporters.JUnitReportReporter -->
<testsuite skipped="0" hostname="Pinki-PC" name="com.selenium.DepensdsOnMethods" tests="3" failures="0" timestamp="2019-10-23T12:45:49 IST" time="0.016" errors="0">
  <testcase name="demoM1" time="0.016" classname="com.selenium.DepensdsOnMethods"/>
  <testcase name="demoM2" time="0.000" classname="com.selenium.DepensdsOnMethods"/>
  <testcase name="demoM" time="0.000" classname="com.selenium.DepensdsOnMethods"/>
</testsuite> <!-- com.selenium.DepensdsOnMethods -->
