<?xml version="1.0" encoding="UTF-8"?>
<!-- Generated by org.testng.reporters.JUnitReportReporter -->
<testsuite skipped="0" hostname="Pinki-PC" name="com.selenium.BeClAfClTestNg" tests="2" failures="0" timestamp="2019-10-23T12:25:08 IST" time="57.315" errors="0">
  <testcase name="demoM1" time="31.842" classname="com.selenium.BeClAfClTestNg"/>
  <testcase name="demoM" time="25.473" classname="com.selenium.BeClAfClTestNg"/>
</testsuite> <!-- com.selenium.BeClAfClTestNg -->
