<?xml version="1.0" encoding="UTF-8"?>
<!-- Generated by org.testng.reporters.JUnitReportReporter -->
<testsuite skipped="0" hostname="Pinki-PC" name="com.selenium.DataProvider" tests="3" failures="0" timestamp="2019-10-23T16:35:31 IST" time="0.032" errors="0">
  <testcase name="createUser" time="0.032" classname="com.selenium.DataProvider"/>
  <testcase name="createUser" time="0.000" classname="com.selenium.DataProvider"/>
  <testcase name="createUser" time="0.000" classname="com.selenium.DataProvider"/>
</testsuite> <!-- com.selenium.DataProvider -->
