<?xml version="1.0" encoding="UTF-8"?>
<!-- Generated by org.testng.reporters.JUnitReportReporter -->
<testsuite skipped="0" hostname="Pinki-PC" name="com.selenium.FaceBookDemoTestNG" tests="2" failures="0" timestamp="2019-10-23T11:17:10 IST" time="93.594" errors="0">
  <testcase name="LoginGmail" time="37.699" classname="com.selenium.FaceBookDemoTestNG"/>
  <testcase name="LoginFb" time="55.895" classname="com.selenium.FaceBookDemoTestNG"/>
</testsuite> <!-- com.selenium.FaceBookDemoTestNG -->
