<?xml version="1.0" encoding="UTF-8"?>
<!-- Generated by org.testng.reporters.JUnitReportReporter -->
<testsuite skipped="0" hostname="Pinki-PC" name="com.selenium.DependsOnMethods" tests="3" failures="0" timestamp="2019-10-23T13:03:50 IST" time="0.048" errors="0">
  <testcase name="demoM" time="0.032" classname="com.selenium.DependsOnMethods"/>
  <testcase name="demoM2" time="0.015" classname="com.selenium.DependsOnMethods"/>
  <testcase name="demoM1" time="0.001" classname="com.selenium.DependsOnMethods"/>
</testsuite> <!-- com.selenium.DependsOnMethods -->
