<?xml version="1.0" encoding="UTF-8"?>
<!-- Generated by org.testng.reporters.JUnitReportReporter -->
<testsuite skipped="0" hostname="Pinki-PC" name="com.selenium.ReadConfig" tests="1" failures="0" timestamp="2019-10-26T11:46:35 IST" time="0.031" errors="0">
  <testcase name="demo" time="0.031" classname="com.selenium.ReadConfig"/>
</testsuite> <!-- com.selenium.ReadConfig -->
