<?xml version="1.0" encoding="UTF-8"?>
<!-- Generated by org.testng.reporters.JUnitReportReporter -->
<testsuite skipped="0" hostname="Pinki-PC" name="base.UrbanPop" tests="1" failures="0" timestamp="2019-11-01T16:35:55 IST" time="35.834" errors="0">
  <testcase name="test" time="35.834" classname="base.UrbanPop"/>
</testsuite> <!-- base.UrbanPop -->
