<?xml version="1.0" encoding="UTF-8"?>
<!-- Generated by org.testng.reporters.JUnitReportReporter -->
<testsuite skipped="0" hostname="Pinki-PC" name="com.selenium.GroupByMethods" tests="3" failures="0" timestamp="2019-10-23T14:26:42 IST" time="0.031" errors="0">
  <testcase name="demoM1" time="0.000" classname="com.selenium.GroupByMethods"/>
  <testcase name="demoM" time="0.031" classname="com.selenium.GroupByMethods"/>
  <testcase name="demoM2" time="0.000" classname="com.selenium.GroupByMethods"/>
</testsuite> <!-- com.selenium.GroupByMethods -->
