<?xml version="1.0" encoding="UTF-8"?>
<!-- Generated by org.testng.reporters.JUnitReportReporter -->
<testsuite skipped="0" hostname="Pinki-PC" name="com.selenium.BeforeAndAfter" tests="2" failures="0" timestamp="2019-10-23T11:30:33 IST" time="39.976" errors="0">
  <testcase name="demoM1" time="21.114" classname="com.selenium.BeforeAndAfter"/>
  <testcase name="demoM" time="18.862" classname="com.selenium.BeforeAndAfter"/>
</testsuite> <!-- com.selenium.BeforeAndAfter -->
