<?xml version="1.0" encoding="UTF-8"?>
<!-- Generated by org.testng.reporters.JUnitReportReporter -->
<testsuite skipped="0" hostname="Pinki-PC" name="com.selenium.Count" tests="7" failures="0" timestamp="2019-10-23T12:34:39 IST" time="0.031" errors="0">
  <testcase name="demoM" time="0.031" classname="com.selenium.Count"/>
  <testcase name="demoM" time="0.000" classname="com.selenium.Count"/>
  <testcase name="demoM" time="0.000" classname="com.selenium.Count"/>
  <testcase name="demoM" time="0.000" classname="com.selenium.Count"/>
  <testcase name="demoM" time="0.000" classname="com.selenium.Count"/>
  <testcase name="demoM1" time="0.000" classname="com.selenium.Count"/>
  <testcase name="demoM1" time="0.000" classname="com.selenium.Count"/>
</testsuite> <!-- com.selenium.Count -->
