<?xml version="1.0" encoding="UTF-8"?>
<!-- Generated by org.testng.reporters.JUnitReportReporter -->
<testsuite skipped="0" hostname="Pinki-PC" name="com.selenium.GmailTestNg" tests="1" failures="0" timestamp="2019-10-24T13:11:10 IST" time="44.929" errors="0">
  <testcase name="testGmail" time="44.929" classname="com.selenium.GmailTestNg"/>
</testsuite> <!-- com.selenium.GmailTestNg -->
