<?xml version="1.0" encoding="UTF-8"?>
<!-- Generated by org.testng.reporters.JUnitReportReporter -->
<testsuite skipped="0" hostname="Pinki-PC" name="com.selenium.BrokenLink" tests="1" failures="0" timestamp="2019-10-24T15:47:40 IST" time="21.685" errors="0">
  <testcase name="test" time="21.685" classname="com.selenium.BrokenLink"/>
</testsuite> <!-- com.selenium.BrokenLink -->
